<?xml version="1.0" encoding="UTF-8"?>
<testsuite name="io.qail.QailClientTest" tests="13" skipped="0" failures="0" errors="0" timestamp="2026-02-13T07:04:12.544Z" hostname="Vivid-astral-2.local" time="0.254">
  <properties/>
  <testcase name="testSelectBuilder()" classname="io.qail.QailClientTest" time="0.196"/>
  <testcase name="testGetById()" classname="io.qail.QailClientTest" time="0.004"/>
  <testcase name="testTokenProvider()" classname="io.qail.QailClientTest" time="0.003"/>
  <testcase name="testErrorParsing()" classname="io.qail.QailClientTest" time="0.004"/>
  <testcase name="testRawQuery()" classname="io.qail.QailClientTest" time="0.005"/>
  <testcase name="testDelete()" classname="io.qail.QailClientTest" time="0.003"/>
  <testcase name="testExpand()" classname="io.qail.QailClientTest" time="0.002"/>
  <testcase name="testBearerToken()" classname="io.qail.QailClientTest" time="0.002"/>
  <testcase name="testHealth()" classname="io.qail.QailClientTest" time="0.002"/>
  <testcase name="testInsert()" classname="io.qail.QailClientTest" time="0.012"/>
  <testcase name="testErrorFallback()" classname="io.qail.QailClientTest" time="0.003"/>
  <testcase name="testUpdate()" classname="io.qail.QailClientTest" time="0.004"/>
  <testcase name="testUpsert()" classname="io.qail.QailClientTest" time="0.003"/>
  <system-out><![CDATA[]]></system-out>
  <system-err><![CDATA[SLF4J(W): No SLF4J providers were found.
SLF4J(W): Defaulting to no-operation (NOP) logger implementation
SLF4J(W): See https://www.slf4j.org/codes.html#noProviders for further details.
]]></system-err>
</testsuite>
